GLPSOL--GLPK LP/MIP Solver 5.0
Parameter(s) specified in the command line:
 --log resultsingle-year-20240718T2304scenario_base.log --write C:\Users\LENOVO\AppData\Local\Temp\tmpup947hhs.glpk.raw
 --wglp C:\Users\LENOVO\AppData\Local\Temp\tmpnzn1fudm.glpk.glp --cpxlp C:\Users\LENOVO\AppData\Local\Temp\tmp9xj3ihdz.pyomo.lp
Reading problem data from 'C:\Users\LENOVO\AppData\Local\Temp\tmp9xj3ihdz.pyomo.lp'...
7432 rows, 6419 columns, 19351 non-zeros
48080 lines were read
Writing problem data to 'C:\Users\LENOVO\AppData\Local\Temp\tmpnzn1fudm.glpk.glp'...
35748 lines were written
GLPK Simplex Optimizer 5.0
7432 rows, 6419 columns, 19351 non-zeros
Preprocessing...
4604 rows, 3794 columns, 10359 non-zeros
Scaling...
 A: min|aij| =  1.000e-03  max|aij| =  1.000e+00  ratio =  1.000e+03
GM: min|aij| =  3.143e-01  max|aij| =  3.181e+00  ratio =  1.012e+01
EQ: min|aij| =  9.940e-02  max|aij| =  1.000e+00  ratio =  1.006e+01
Constructing initial basis...
Size of triangular part is 4604
      0: obj =   2.732478258e+13 inf =   1.096e+03 (338)
    338: obj =   2.736238339e+13 inf =   0.000e+00 (0) 3
*   570: obj =   2.077351740e+13 inf =   1.232e-14 (0) 2
OPTIMAL LP SOLUTION FOUND
Time used:   0.1 secs
Memory used: 7.3 Mb (7670708 bytes)
Writing basic solution to 'C:\Users\LENOVO\AppData\Local\Temp\tmpup947hhs.glpk.raw'...
13860 lines were written
