GLPSOL--GLPK LP/MIP Solver 5.0
Parameter(s) specified in the command line:
 --log resultsingle-year-20240718T2302scenario_base.log --write C:\Users\LENOVO\AppData\Local\Temp\tmph3yttawh.glpk.raw
 --wglp C:\Users\LENOVO\AppData\Local\Temp\tmp_6a3kmsg.glpk.glp --cpxlp C:\Users\LENOVO\AppData\Local\Temp\tmpd3a51voh.pyomo.lp
Reading problem data from 'C:\Users\LENOVO\AppData\Local\Temp\tmpd3a51voh.pyomo.lp'...
7430 rows, 6419 columns, 19349 non-zeros
48072 lines were read
Writing problem data to 'C:\Users\LENOVO\AppData\Local\Temp\tmp_6a3kmsg.glpk.glp'...
35742 lines were written
GLPK Simplex Optimizer 5.0
7430 rows, 6419 columns, 19349 non-zeros
Preprocessing...
4604 rows, 3794 columns, 10359 non-zeros
Scaling...
 A: min|aij| =  1.000e-03  max|aij| =  1.000e+00  ratio =  1.000e+03
GM: min|aij| =  1.778e-01  max|aij| =  5.623e+00  ratio =  3.162e+01
EQ: min|aij| =  3.162e-02  max|aij| =  1.000e+00  ratio =  3.162e+01
Constructing initial basis...
Size of triangular part is 4604
      0: obj =   2.744791272e+13 inf =   1.053e+03 (337)
    337: obj =   2.748459677e+13 inf =   0.000e+00 (0) 3
*   619: obj =   1.922161133e+13 inf =   1.459e-14 (0) 3
OPTIMAL LP SOLUTION FOUND
Time used:   0.1 secs
Memory used: 7.3 Mb (7654644 bytes)
Writing basic solution to 'C:\Users\LENOVO\AppData\Local\Temp\tmph3yttawh.glpk.raw'...
13858 lines were written
