GLPSOL--GLPK LP/MIP Solver 5.0
Parameter(s) specified in the command line:
 --log resultsingle-year-20240718T1903scenario_base.log --write C:\Users\LENOVO\AppData\Local\Temp\tmpms4fre__.glpk.raw
 --wglp C:\Users\LENOVO\AppData\Local\Temp\tmpy279iy6o.glpk.glp --cpxlp C:\Users\LENOVO\AppData\Local\Temp\tmpff_abqhk.pyomo.lp
Reading problem data from 'C:\Users\LENOVO\AppData\Local\Temp\tmpff_abqhk.pyomo.lp'...
6749 rows, 5741 columns, 16635 non-zeros
42637 lines were read
Writing problem data to 'C:\Users\LENOVO\AppData\Local\Temp\tmpy279iy6o.glpk.glp'...
31311 lines were written
GLPK Simplex Optimizer 5.0
6749 rows, 5741 columns, 16635 non-zeros
Preprocessing...
3544 rows, 2746 columns, 7554 non-zeros
Scaling...
 A: min|aij| =  1.000e-03  max|aij| =  1.000e+00  ratio =  1.000e+03
GM: min|aij| =  3.134e-01  max|aij| =  3.191e+00  ratio =  1.018e+01
EQ: min|aij| =  9.822e-02  max|aij| =  1.000e+00  ratio =  1.018e+01
Constructing initial basis...
Size of triangular part is 3544
      0: obj =  -2.522271388e+15 inf =   1.915e+05 (667)
    344: obj =   6.847646198e+11 inf =   1.571e-14 (0) 3
*   347: obj =   6.049661496e+11 inf =   3.316e-14 (0)
OPTIMAL LP SOLUTION FOUND
Time used:   0.1 secs
Memory used: 6.2 Mb (6545060 bytes)
Writing basic solution to 'C:\Users\LENOVO\AppData\Local\Temp\tmpms4fre__.glpk.raw'...
12499 lines were written
