GLPSOL--GLPK LP/MIP Solver 5.0
Parameter(s) specified in the command line:
 --log resultsingle-year-20240718T2308scenario_base.log --write C:\Users\LENOVO\AppData\Local\Temp\tmpo93qd7ap.glpk.raw
 --wglp C:\Users\LENOVO\AppData\Local\Temp\tmphx9773w2.glpk.glp --cpxlp C:\Users\LENOVO\AppData\Local\Temp\tmpur0zspsq.pyomo.lp
Reading problem data from 'C:\Users\LENOVO\AppData\Local\Temp\tmpur0zspsq.pyomo.lp'...
7432 rows, 6419 columns, 19351 non-zeros
48080 lines were read
Writing problem data to 'C:\Users\LENOVO\AppData\Local\Temp\tmphx9773w2.glpk.glp'...
35748 lines were written
GLPK Simplex Optimizer 5.0
7432 rows, 6419 columns, 19351 non-zeros
Preprocessing...
4604 rows, 3794 columns, 10359 non-zeros
Scaling...
 A: min|aij| =  1.000e-03  max|aij| =  1.000e+00  ratio =  1.000e+03
GM: min|aij| =  3.125e-01  max|aij| =  3.200e+00  ratio =  1.024e+01
EQ: min|aij| =  9.822e-02  max|aij| =  1.000e+00  ratio =  1.018e+01
Constructing initial basis...
Size of triangular part is 4604
      0: obj =   2.621197990e+13 inf =   1.022e+03 (375)
    345: obj =   2.634313415e+13 inf =   6.382e-17 (0) 3
*   561: obj =   1.092302307e+13 inf =   1.456e-13 (0) 2
OPTIMAL LP SOLUTION FOUND
Time used:   0.1 secs
Memory used: 7.3 Mb (7670708 bytes)
Writing basic solution to 'C:\Users\LENOVO\AppData\Local\Temp\tmpo93qd7ap.glpk.raw'...
13860 lines were written
