GLPSOL--GLPK LP/MIP Solver 5.0
Parameter(s) specified in the command line:
 --log resultsingle-year-20240718T2057scenario_base.log --write C:\Users\LENOVO\AppData\Local\Temp\tmpo9e6pb9b.glpk.raw
 --wglp C:\Users\LENOVO\AppData\Local\Temp\tmpctjec6bc.glpk.glp --cpxlp C:\Users\LENOVO\AppData\Local\Temp\tmpgp2jcnwg.pyomo.lp
Reading problem data from 'C:\Users\LENOVO\AppData\Local\Temp\tmpgp2jcnwg.pyomo.lp'...
7427 rows, 6419 columns, 18992 non-zeros
47706 lines were read
Writing problem data to 'C:\Users\LENOVO\AppData\Local\Temp\tmpctjec6bc.glpk.glp'...
35362 lines were written
GLPK Simplex Optimizer 5.0
7427 rows, 6419 columns, 18992 non-zeros
Preprocessing...
4196 rows, 3404 columns, 9189 non-zeros
Scaling...
 A: min|aij| =  1.000e-03  max|aij| =  1.000e+00  ratio =  1.000e+03
GM: min|aij| =  3.134e-01  max|aij| =  3.191e+00  ratio =  1.018e+01
EQ: min|aij| =  9.822e-02  max|aij| =  1.000e+00  ratio =  1.018e+01
Constructing initial basis...
Size of triangular part is 4196
      0: obj =  -2.547297619e+15 inf =   1.980e+05 (619)
    619: obj =   3.944991084e+13 inf =   3.824e-15 (0) 6
*   955: obj =   5.257751895e+12 inf =   9.350e-10 (0) 3
OPTIMAL LP SOLUTION FOUND
Time used:   0.1 secs
Memory used: 7.1 Mb (7465012 bytes)
Writing basic solution to 'C:\Users\LENOVO\AppData\Local\Temp\tmpo9e6pb9b.glpk.raw'...
13855 lines were written
