GLPSOL--GLPK LP/MIP Solver 5.0
Parameter(s) specified in the command line:
 --log resultsingle-year-20240718T1841scenario_base.log --write C:\Users\LENOVO\AppData\Local\Temp\tmptfax0x_a.glpk.raw
 --wglp C:\Users\LENOVO\AppData\Local\Temp\tmp2d3ayav3.glpk.glp --cpxlp C:\Users\LENOVO\AppData\Local\Temp\tmp1d2ap16p.pyomo.lp
Reading problem data from 'C:\Users\LENOVO\AppData\Local\Temp\tmp1d2ap16p.pyomo.lp'...
3389 rows, 3053 columns, 7769 non-zeros
21003 lines were read
Writing problem data to 'C:\Users\LENOVO\AppData\Local\Temp\tmp2d3ayav3.glpk.glp'...
15824 lines were written
GLPK Simplex Optimizer 5.0
3389 rows, 3053 columns, 7769 non-zeros
Preprocessing...
1008 rows, 1011 columns, 2016 non-zeros
Scaling...
 A: min|aij| =  1.000e+00  max|aij| =  1.000e+00  ratio =  1.000e+00
Problem data seem to be well scaled
Constructing initial basis...
Size of triangular part is 1008
*     0: obj =   1.871277949e+12 inf =   0.000e+00 (0)
OPTIMAL LP SOLUTION FOUND
Time used:   0.0 secs
Memory used: 3.0 Mb (3129028 bytes)
Writing basic solution to 'C:\Users\LENOVO\AppData\Local\Temp\tmptfax0x_a.glpk.raw'...
6451 lines were written
