GLPSOL--GLPK LP/MIP Solver 5.0
Parameter(s) specified in the command line:
 --log resultsingle-year-20240718T2259scenario_base.log --write C:\Users\LENOVO\AppData\Local\Temp\tmpbnqho_2a.glpk.raw
 --wglp C:\Users\LENOVO\AppData\Local\Temp\tmpa0az3_b0.glpk.glp --cpxlp C:\Users\LENOVO\AppData\Local\Temp\tmp_j3r11io.pyomo.lp
Reading problem data from 'C:\Users\LENOVO\AppData\Local\Temp\tmp_j3r11io.pyomo.lp'...
7429 rows, 6419 columns, 19348 non-zeros
48068 lines were read
Writing problem data to 'C:\Users\LENOVO\AppData\Local\Temp\tmpa0az3_b0.glpk.glp'...
35739 lines were written
GLPK Simplex Optimizer 5.0
7429 rows, 6419 columns, 19348 non-zeros
Preprocessing...
4604 rows, 3794 columns, 10359 non-zeros
Scaling...
 A: min|aij| =  1.000e-03  max|aij| =  1.000e+00  ratio =  1.000e+03
GM: min|aij| =  3.123e-01  max|aij| =  3.202e+00  ratio =  1.025e+01
EQ: min|aij| =  9.894e-02  max|aij| =  1.000e+00  ratio =  1.011e+01
Constructing initial basis...
Size of triangular part is 4604
      0: obj =   2.743671907e+13 inf =   1.187e+03 (337)
    336: obj =   2.747347251e+13 inf =   0.000e+00 (0) 3
*   833: obj =   3.568498249e+11 inf =   6.707e-16 (0) 5
OPTIMAL LP SOLUTION FOUND
Time used:   0.1 secs
Memory used: 7.3 Mb (7638580 bytes)
Writing basic solution to 'C:\Users\LENOVO\AppData\Local\Temp\tmpbnqho_2a.glpk.raw'...
13857 lines were written
