GLPSOL--GLPK LP/MIP Solver 5.0
Parameter(s) specified in the command line:
 --log resultsingle-year-20240718T2300scenario_base.log --write C:\Users\LENOVO\AppData\Local\Temp\tmp78uphjt5.glpk.raw
 --wglp C:\Users\LENOVO\AppData\Local\Temp\tmp3fe4by22.glpk.glp --cpxlp C:\Users\LENOVO\AppData\Local\Temp\tmp_61flpih.pyomo.lp
Reading problem data from 'C:\Users\LENOVO\AppData\Local\Temp\tmp_61flpih.pyomo.lp'...
7429 rows, 6419 columns, 19348 non-zeros
48068 lines were read
Writing problem data to 'C:\Users\LENOVO\AppData\Local\Temp\tmp3fe4by22.glpk.glp'...
35739 lines were written
GLPK Simplex Optimizer 5.0
7429 rows, 6419 columns, 19348 non-zeros
Preprocessing...
4604 rows, 3794 columns, 10359 non-zeros
Scaling...
 A: min|aij| =  1.000e-03  max|aij| =  1.000e+00  ratio =  1.000e+03
GM: min|aij| =  1.778e-01  max|aij| =  5.623e+00  ratio =  3.162e+01
EQ: min|aij| =  3.162e-02  max|aij| =  1.000e+00  ratio =  3.162e+01
Constructing initial basis...
Size of triangular part is 4604
      0: obj =   2.744791272e+13 inf =   1.053e+03 (337)
    337: obj =   2.748459677e+13 inf =   0.000e+00 (0) 3
*   935: obj =   8.080274132e+11 inf =   5.700e-13 (0) 6
OPTIMAL LP SOLUTION FOUND
Time used:   0.1 secs
Memory used: 7.3 Mb (7638580 bytes)
Writing basic solution to 'C:\Users\LENOVO\AppData\Local\Temp\tmp78uphjt5.glpk.raw'...
13857 lines were written
