GLPSOL--GLPK LP/MIP Solver 5.0
Parameter(s) specified in the command line:
 --log resultsingle-year-20240718T2306scenario_base.log --write C:\Users\LENOVO\AppData\Local\Temp\tmpdkmm1a90.glpk.raw
 --wglp C:\Users\LENOVO\AppData\Local\Temp\tmpbb2wvjhp.glpk.glp --cpxlp C:\Users\LENOVO\AppData\Local\Temp\tmpftq54qrq.pyomo.lp
Reading problem data from 'C:\Users\LENOVO\AppData\Local\Temp\tmpftq54qrq.pyomo.lp'...
7432 rows, 6419 columns, 19351 non-zeros
48080 lines were read
Writing problem data to 'C:\Users\LENOVO\AppData\Local\Temp\tmpbb2wvjhp.glpk.glp'...
35748 lines were written
GLPK Simplex Optimizer 5.0
7432 rows, 6419 columns, 19351 non-zeros
Preprocessing...
4604 rows, 3794 columns, 10359 non-zeros
Scaling...
 A: min|aij| =  1.000e-03  max|aij| =  1.000e+00  ratio =  1.000e+03
GM: min|aij| =  3.114e-01  max|aij| =  3.211e+00  ratio =  1.031e+01
EQ: min|aij| =  9.806e-02  max|aij| =  1.000e+00  ratio =  1.020e+01
Constructing initial basis...
Size of triangular part is 4604
      0: obj =   2.676838124e+13 inf =   1.039e+03 (350)
    340: obj =   2.682832518e+13 inf =   0.000e+00 (0) 3
*   651: obj =   1.417297283e+13 inf =   2.445e-14 (0) 3
OPTIMAL LP SOLUTION FOUND
Time used:   0.1 secs
Memory used: 7.3 Mb (7670708 bytes)
Writing basic solution to 'C:\Users\LENOVO\AppData\Local\Temp\tmpdkmm1a90.glpk.raw'...
13860 lines were written
