GLPSOL--GLPK LP/MIP Solver 5.0
Parameter(s) specified in the command line:
 --log resultsingle-year-20240719T1029scenario_base.log --write C:\Users\LENOVO\AppData\Local\Temp\tmplpwe2sf1.glpk.raw
 --wglp C:\Users\LENOVO\AppData\Local\Temp\tmpb2cumqts.glpk.glp --cpxlp C:\Users\LENOVO\AppData\Local\Temp\tmp_oyx087y.pyomo.lp
Reading problem data from 'C:\Users\LENOVO\AppData\Local\Temp\tmp_oyx087y.pyomo.lp'...
7432 rows, 6419 columns, 19317 non-zeros
48046 lines were read
Writing problem data to 'C:\Users\LENOVO\AppData\Local\Temp\tmpb2cumqts.glpk.glp'...
35680 lines were written
GLPK Simplex Optimizer 5.0
7432 rows, 6419 columns, 19317 non-zeros
Preprocessing...
4468 rows, 3692 columns, 10053 non-zeros
Scaling...
 A: min|aij| =  1.000e-03  max|aij| =  1.000e+00  ratio =  1.000e+03
GM: min|aij| =  3.134e-01  max|aij| =  3.191e+00  ratio =  1.018e+01
EQ: min|aij| =  9.822e-02  max|aij| =  1.000e+00  ratio =  1.018e+01
Constructing initial basis...
Size of triangular part is 4468
      0: obj =   3.121889017e+13 inf =   1.240e+03 (394)
    348: obj =   3.163766733e+13 inf =   2.849e-16 (0) 3
*   546: obj =   1.187934856e+13 inf =   4.214e-15 (0) 2
OPTIMAL LP SOLUTION FOUND
Time used:   0.1 secs
Memory used: 7.3 Mb (7636948 bytes)
Writing basic solution to 'C:\Users\LENOVO\AppData\Local\Temp\tmplpwe2sf1.glpk.raw'...
13860 lines were written
