GLPSOL--GLPK LP/MIP Solver 5.0
Parameter(s) specified in the command line:
 --log resultsingle-year-20240718T2253scenario_base.log --write C:\Users\LENOVO\AppData\Local\Temp\tmplqrse7gp.glpk.raw
 --wglp C:\Users\LENOVO\AppData\Local\Temp\tmpp695m3pf.glpk.glp --cpxlp C:\Users\LENOVO\AppData\Local\Temp\tmpo97movpm.pyomo.lp
Reading problem data from 'C:\Users\LENOVO\AppData\Local\Temp\tmpo97movpm.pyomo.lp'...
7429 rows, 6419 columns, 19012 non-zeros
47732 lines were read
Writing problem data to 'C:\Users\LENOVO\AppData\Local\Temp\tmpp695m3pf.glpk.glp'...
35404 lines were written
GLPK Simplex Optimizer 5.0
7429 rows, 6419 columns, 19012 non-zeros
Preprocessing...
4268 rows, 3458 columns, 9351 non-zeros
Scaling...
 A: min|aij| =  1.000e-03  max|aij| =  1.000e+00  ratio =  1.000e+03
GM: min|aij| =  3.143e-01  max|aij| =  3.181e+00  ratio =  1.012e+01
EQ: min|aij| =  9.940e-02  max|aij| =  1.000e+00  ratio =  1.006e+01
Constructing initial basis...
Size of triangular part is 4268
      0: obj =   2.732482696e+13 inf =   1.074e+03 (338)
    338: obj =   2.736242778e+13 inf =   0.000e+00 (0) 3
*   825: obj =   2.858216132e+11 inf =   0.000e+00 (0) 5
OPTIMAL LP SOLUTION FOUND
Time used:   0.1 secs
Memory used: 7.2 Mb (7498004 bytes)
Writing basic solution to 'C:\Users\LENOVO\AppData\Local\Temp\tmplqrse7gp.glpk.raw'...
13857 lines were written
