GLPSOL--GLPK LP/MIP Solver 5.0
Parameter(s) specified in the command line:
 --log resultsingle-year-20240718T2257scenario_base.log --write C:\Users\LENOVO\AppData\Local\Temp\tmpacb2pvjq.glpk.raw
 --wglp C:\Users\LENOVO\AppData\Local\Temp\tmp2hpbpdmd.glpk.glp --cpxlp C:\Users\LENOVO\AppData\Local\Temp\tmpr7s79ky4.pyomo.lp
Reading problem data from 'C:\Users\LENOVO\AppData\Local\Temp\tmpr7s79ky4.pyomo.lp'...
7429 rows, 6419 columns, 19348 non-zeros
48068 lines were read
Writing problem data to 'C:\Users\LENOVO\AppData\Local\Temp\tmp2hpbpdmd.glpk.glp'...
35740 lines were written
GLPK Simplex Optimizer 5.0
7429 rows, 6419 columns, 19348 non-zeros
Preprocessing...
4604 rows, 3794 columns, 10359 non-zeros
Scaling...
 A: min|aij| =  1.000e-03  max|aij| =  1.000e+00  ratio =  1.000e+03
GM: min|aij| =  3.123e-01  max|aij| =  3.202e+00  ratio =  1.025e+01
EQ: min|aij| =  9.894e-02  max|aij| =  1.000e+00  ratio =  1.011e+01
Constructing initial basis...
Size of triangular part is 4604
      0: obj =   2.743676345e+13 inf =   1.187e+03 (337)
    336: obj =   2.747351689e+13 inf =   0.000e+00 (0) 3
*   826: obj =   3.568336561e+11 inf =   3.353e-16 (0) 5
OPTIMAL LP SOLUTION FOUND
Time used:   0.1 secs
Memory used: 7.3 Mb (7630548 bytes)
Writing basic solution to 'C:\Users\LENOVO\AppData\Local\Temp\tmpacb2pvjq.glpk.raw'...
13857 lines were written
